2026-03-30 15:32:38,627 [BotEngine] INFO: 📌 Active App: AI Smart Data Entry Automation Tool
2026-03-30 15:32:38,633 [BotEngine] INFO: 
━━━ Iteration #1 ━━━
2026-03-30 15:32:38,635 [BotEngine] INFO: 📷 Capturing screen...
2026-03-30 15:32:38,732 [BotEngine] INFO: 🔤 Running OCR...
2026-03-30 15:32:53,351 [OCR] INFO: Parsed 1 label-value pairs from OCR text
2026-03-30 15:32:53,352 [BotEngine] INFO: 📋 Found 1 label-value pairs
2026-03-30 15:32:53,354 [BotEngine] INFO:    • [15: 32:36] 3S Active Apps AL Smet Data Brtay Autemation Tool
2026-03-30 15:32:53,357 [BotEngine] INFO: 🔎 Detecting form fields...
2026-03-30 15:32:53,400 [Vision] INFO: Detected 37 input fields
2026-03-30 15:32:53,402 [BotEngine] INFO: 🧩 Detected 37 input fields
2026-03-30 15:32:53,405 [Vision] INFO: Associated 3 label-field pairs
2026-03-30 15:32:53,405 [BotEngine] INFO: 🔗 Associated 3 label-field pairs
2026-03-30 15:32:53,407 [BotEngine] INFO: 🤖 Running semantic field matching...
2026-03-30 15:32:53,421 [Mapping] WARNING: No field match found for label: '[15'
2026-03-30 15:32:53,422 [Mapping] INFO: Matched 0/1 label-value pairs to fields
2026-03-30 15:32:53,422 [BotEngine] INFO: ✅ Matched 0 fields
2026-03-30 15:32:53,423 [BotEngine] INFO: ⚠️ No fields matched. Will retry or try learning from scratch.
2026-03-30 20:12:23,892 [MPF_Bot] INFO: 👁️  Running in Live Vision Mode (Reading Screen)
2026-03-30 20:12:23,903 [MPF_Bot] INFO: 
━━━ Vision Record 1 ━━━
2026-03-30 20:12:41,162 [MPF_Bot] INFO: 📊 Total mapped fields: 0
2026-03-30 20:12:41,167 [MPF_Bot] INFO: ⚠️ No data extracted. Retrying in 3s...
2026-03-30 20:12:44,172 [MPF_Bot] INFO: 
━━━ Vision Record 1 ━━━
2026-03-30 20:13:00,036 [MPF_Bot] INFO: 📊 Total mapped fields: 0
2026-03-30 20:13:00,039 [MPF_Bot] INFO: ⚠️ No data extracted. Retrying in 3s...
2026-03-30 20:13:03,041 [MPF_Bot] INFO: 
━━━ Vision Record 1 ━━━
2026-03-30 20:13:18,856 [MPF_Bot] INFO: 📊 Total mapped fields: 0
2026-03-30 20:13:18,859 [MPF_Bot] INFO: ⚠️ No data extracted. Retrying in 3s...
2026-03-30 20:13:21,861 [MPF_Bot] INFO: 
━━━ Vision Record 1 ━━━
2026-03-30 20:13:37,058 [MPF_Bot] INFO: 📊 Total mapped fields: 0
2026-03-30 20:13:37,062 [MPF_Bot] INFO: ⚠️ No data extracted. Retrying in 3s...
2026-03-30 20:13:40,064 [MPF_Bot] INFO: 
━━━ Vision Record 1 ━━━
2026-03-30 20:13:56,465 [MPF_Bot] INFO: 📊 Total mapped fields: 0
2026-03-30 20:13:56,470 [MPF_Bot] INFO: ⚠️ No data extracted. Retrying in 3s...
2026-03-30 20:13:59,473 [MPF_Bot] INFO: 
━━━ Vision Record 1 ━━━
2026-03-30 20:14:15,723 [MPF_Bot] INFO: 📊 Total mapped fields: 0
2026-03-30 20:14:15,726 [MPF_Bot] INFO: ⚠️ No data extracted. Retrying in 3s...
2026-03-30 20:14:18,727 [MPF_Bot] INFO: 
━━━ Vision Record 1 ━━━
2026-03-30 20:14:35,407 [MPF_Bot] INFO: 📊 Total mapped fields: 0
2026-03-30 20:14:35,409 [MPF_Bot] INFO: ⚠️ No data extracted. Retrying in 3s...
2026-03-30 20:14:38,411 [MPF_Bot] INFO: 
━━━ Vision Record 1 ━━━
2026-03-30 20:14:54,379 [MPF_Bot] INFO: 📊 Total mapped fields: 0
2026-03-30 20:14:54,382 [MPF_Bot] INFO: ⚠️ No data extracted. Retrying in 3s...
2026-03-30 20:14:57,385 [MPF_Bot] INFO: 
━━━ Vision Record 1 ━━━
2026-03-30 20:15:14,205 [MPF_Bot] INFO: 📊 Total mapped fields: 0
2026-03-30 20:15:14,208 [MPF_Bot] INFO: ⚠️ No data extracted. Retrying in 3s...
2026-03-30 20:15:17,209 [MPF_Bot] INFO: 
━━━ Vision Record 1 ━━━
2026-03-30 20:15:33,800 [MPF_Bot] INFO: 📊 Total mapped fields: 0
2026-03-30 20:15:33,802 [MPF_Bot] INFO: ⚠️ No data extracted. Retrying in 3s...
2026-03-30 20:15:36,803 [MPF_Bot] INFO: 
━━━ Vision Record 1 ━━━
2026-03-30 20:15:53,802 [MPF_Bot] INFO: 📊 Total mapped fields: 0
2026-03-30 20:15:53,805 [MPF_Bot] INFO: ⚠️ No data extracted. Retrying in 3s...
2026-03-30 20:15:56,808 [MPF_Bot] INFO: 
━━━ Vision Record 1 ━━━
2026-03-30 20:16:13,017 [MPF_Bot] INFO: 📊 Total mapped fields: 0
2026-03-30 20:16:13,019 [MPF_Bot] INFO: ⚠️ No data extracted. Retrying in 3s...
2026-03-30 20:16:16,021 [MPF_Bot] INFO: 
━━━ Vision Record 1 ━━━
